[2026-04-15T15:25:30+00:00] [ERROR] Agent exited with code 1 on task 
[2026-04-15T15:25:34+00:00] [ERROR] Agent exited with code 1 on task 
[2026-04-15T15:25:37+00:00] [ERROR] Agent exited with code 1 on task 
[2026-04-15T15:25:41+00:00] [ERROR] Agent exited with code 1 on task 
[2026-04-15T15:25:44+00:00] [ERROR] Agent exited with code 1 on task 
[2026-04-15T15:25:48+00:00] [ERROR] Agent exited with code 1 on task 
[2026-04-15T15:25:51+00:00] [ERROR] Agent exited with code 1 on task 
[2026-04-15T15:25:55+00:00] [ERROR] Agent exited with code 1 on task 
[2026-04-15T15:25:58+00:00] [ERROR] Agent exited with code 1 on task 
[2026-04-15T15:26:02+00:00] [ERROR] Agent exited with code 1 on task 
[2026-04-15T15:26:05+00:00] [ERROR] Agent exited with code 1 on task 
[2026-04-15T15:26:09+00:00] [ERROR] Agent exited with code 1 on task 
[2026-04-15T15:26:13+00:00] [ERROR] Agent exited with code 1 on task 
[2026-04-15T15:26:16+00:00] [ERROR] Agent exited with code 1 on task 
[2026-04-15T15:26:19+00:00] [ERROR] Agent exited with code 1 on task 
[2026-04-15T15:26:23+00:00] [ERROR] Agent exited with code 1 on task 
[2026-04-15T15:26:26+00:00] [ERROR] Agent exited with code 1 on task 
[2026-04-15T15:26:30+00:00] [ERROR] Agent exited with code 1 on task 
[2026-04-15T15:26:33+00:00] [ERROR] Agent exited with code 1 on task 
[2026-04-15T15:26:37+00:00] [ERROR] Agent exited with code 1 on task 
[2026-04-15T15:26:41+00:00] [ERROR] Agent exited with code 1 on task 
[2026-04-15T15:26:44+00:00] [ERROR] Agent exited with code 1 on task 
[2026-04-15T15:26:48+00:00] [ERROR] Agent exited with code 1 on task 
[2026-04-15T15:26:51+00:00] [ERROR] Agent exited with code 1 on task 
[2026-04-15T15:26:55+00:00] [ERROR] Agent exited with code 1 on task 
[2026-04-15T15:26:58+00:00] [ERROR] Agent exited with code 1 on task 
[2026-04-15T15:27:02+00:00] [ERROR] Agent exited with code 1 on task 
[2026-04-15T15:27:05+00:00] [ERROR] Agent exited with code 1 on task 
[2026-04-15T15:27:09+00:00] [ERROR] Agent exited with code 1 on task 
[2026-04-15T15:27:12+00:00] [ERROR] Agent exited with code 1 on task 
[2026-04-15T15:27:16+00:00] [ERROR] Agent exited with code 1 on task 
[2026-04-15T15:27:19+00:00] [ERROR] Agent exited with code 1 on task 
[2026-04-15T15:27:23+00:00] [ERROR] Agent exited with code 1 on task 
[2026-04-15T15:27:27+00:00] [ERROR] Agent exited with code 1 on task 
[2026-04-15T15:27:30+00:00] [ERROR] Agent exited with code 1 on task 
[2026-04-15T15:27:34+00:00] [ERROR] Agent exited with code 1 on task 
[2026-04-15T15:27:37+00:00] [ERROR] Agent exited with code 1 on task 
[2026-04-15T15:27:40+00:00] [ERROR] Agent exited with code 1 on task 
[2026-04-15T15:27:44+00:00] [ERROR] Agent exited with code 1 on task 
[2026-04-15T15:27:47+00:00] [ERROR] Agent exited with code 1 on task 
[2026-04-15T15:27:51+00:00] [ERROR] Agent exited with code 1 on task 
[2026-04-15T15:27:54+00:00] [ERROR] Agent exited with code 1 on task 
[2026-04-15T15:27:58+00:00] [ERROR] Agent exited with code 1 on task 
[2026-04-15T15:28:01+00:00] [ERROR] Agent exited with code 1 on task 
[2026-04-15T15:28:05+00:00] [ERROR] Agent exited with code 1 on task 
[2026-04-15T15:28:08+00:00] [ERROR] Agent exited with code 1 on task 
[2026-04-15T15:28:12+00:00] [ERROR] Agent exited with code 1 on task 
[2026-04-15T15:28:15+00:00] [ERROR] Agent exited with code 1 on task 
[2026-04-15T15:28:19+00:00] [ERROR] Agent exited with code 1 on task 
[2026-04-15T15:28:22+00:00] [ERROR] Agent exited with code 1 on task 
[2026-04-15T15:59:35+00:00] [WARN] Task P08-09 test failed (stuck: 0)
[2026-04-15T16:02:10+00:00] [ERROR] Agent error on task P09-01
[2026-04-15T16:04:45+00:00] [WARN] Unknown status for task P09-02
[2026-04-15T16:09:25+00:00] [WARN] Task P09-03 test failed (stuck: 0)
[2026-04-15T16:12:09+00:00] [WARN] Unknown status for task P09-04
[2026-04-15T16:13:53+00:00] [INFO] Task P09-05 succeeded
[2026-04-15T16:17:26+00:00] [INFO] Task P10-01 succeeded
[2026-04-15T16:47:03+00:00] [ERROR] Agent error on task P10-04
[2026-04-15T16:50:53+00:00] [ERROR] Agent exited with code 1 on task 
[2026-04-15T17:03:21+00:00] [INFO] Task P10-05 succeeded
[2026-04-15T17:16:13+00:00] [INFO] Task P10-06 succeeded
[2026-04-15T17:18:45+00:00] [ERROR] Agent error on task P10-07
[2026-04-15T17:25:12+00:00] [WARN] Unknown status for task P10-08
[2026-04-15T17:29:20+00:00] [ERROR] Agent error on task P10-09
[2026-04-15T17:51:30+00:00] [WARN] Task P11-01 test failed (stuck: 0)
[2026-04-15T17:56:48+00:00] [WARN] Unknown status for task P10-13
[2026-04-15T18:10:16+00:00] [ERROR] Agent exited with code 1 on task 
[2026-04-15T18:10:20+00:00] [ERROR] Agent exited with code 1 on task 
[2026-04-15T18:10:23+00:00] [ERROR] Agent exited with code 1 on task 
[2026-04-15T18:10:26+00:00] [ERROR] Agent exited with code 1 on task 
[2026-04-15T18:10:30+00:00] [ERROR] Agent exited with code 1 on task 
[2026-04-15T18:10:33+00:00] [ERROR] Agent exited with code 1 on task 
[2026-04-15T18:10:36+00:00] [ERROR] Agent exited with code 1 on task 
[2026-04-15T18:10:40+00:00] [ERROR] Agent exited with code 1 on task 
[2026-04-15T18:10:43+00:00] [ERROR] Agent exited with code 1 on task 
[2026-04-15T18:10:47+00:00] [ERROR] Agent exited with code 1 on task 
[2026-04-15T18:10:50+00:00] [ERROR] Agent exited with code 1 on task 
[2026-04-15T18:10:53+00:00] [ERROR] Agent exited with code 1 on task 
[2026-04-15T18:10:57+00:00] [ERROR] Agent exited with code 1 on task 
[2026-04-15T18:11:00+00:00] [ERROR] Agent exited with code 1 on task 
[2026-04-15T18:11:04+00:00] [ERROR] Agent exited with code 1 on task 
[2026-04-15T18:11:07+00:00] [ERROR] Agent exited with code 1 on task 
[2026-04-15T18:11:10+00:00] [ERROR] Agent exited with code 1 on task 
[2026-04-15T18:11:14+00:00] [ERROR] Agent exited with code 1 on task 
[2026-04-15T18:11:17+00:00] [ERROR] Agent exited with code 1 on task 
[2026-04-15T18:11:20+00:00] [ERROR] Agent exited with code 1 on task 
[2026-04-15T18:11:24+00:00] [ERROR] Agent exited with code 1 on task 
[2026-04-15T18:11:27+00:00] [ERROR] Agent exited with code 1 on task 
[2026-04-15T18:11:30+00:00] [ERROR] Agent exited with code 1 on task 
[2026-04-15T18:11:34+00:00] [ERROR] Agent exited with code 1 on task 
[2026-04-15T18:11:37+00:00] [ERROR] Agent exited with code 1 on task 
[2026-04-15T18:11:40+00:00] [ERROR] Agent exited with code 1 on task 
[2026-04-15T18:11:44+00:00] [ERROR] Agent exited with code 1 on task 
[2026-04-15T18:11:47+00:00] [ERROR] Agent exited with code 1 on task 
[2026-04-15T18:11:50+00:00] [ERROR] Agent exited with code 1 on task 
[2026-04-15T18:11:54+00:00] [ERROR] Agent exited with code 1 on task 
[2026-04-15T18:11:57+00:00] [ERROR] Agent exited with code 1 on task 
[2026-04-15T18:12:00+00:00] [ERROR] Agent exited with code 1 on task 
[2026-04-15T18:12:04+00:00] [ERROR] Agent exited with code 1 on task 
[2026-04-15T18:12:07+00:00] [ERROR] Agent exited with code 1 on task 
[2026-04-15T18:23:21+00:00] [WARN] Unknown status for task P12-02
[2026-04-15T18:25:32+00:00] [INFO] Task P12-03 succeeded
[2026-04-15T18:35:59+00:00] [ERROR] Agent error on task P12-04
[2026-04-15T18:40:19+00:00] [ERROR] Agent error on task P12-06
[2026-04-15T18:52:10+00:00] [WARN] Task P12-07 test failed (stuck: 0)
[2026-04-15T18:56:34+00:00] [WARN] Task P12-08 test failed (stuck: 0)
[2026-04-15T19:03:23+00:00] [WARN] Unknown status for task P13-01
[2026-04-15T19:05:07+00:00] [WARN] Unknown status for task P13-02
[2026-04-15T19:07:06+00:00] [ERROR] Agent error on task P13-03
[2026-04-15T19:10:38+00:00] [ERROR] Agent error on task P13-04
[2026-04-15T19:14:36+00:00] [ERROR] Agent error on task P13-05
[2026-04-15T19:16:21+00:00] [WARN] Unknown status for task P13-06
[2026-04-15T19:29:17+00:00] [WARN] Unknown status for task P12-09
[2026-04-15T19:30:48+00:00] [WARN] Unknown status for task P13-07
[2026-04-15T19:37:33+00:00] [WARN] Unknown status for task P14-05
[2026-04-15T19:43:05+00:00] [ERROR] Agent error on task P14-06
[2026-04-15T19:45:15+00:00] [ERROR] Agent error on task P14-07
[2026-04-15T19:51:26+00:00] [ERROR] Agent error on task P14-08
[2026-04-15T19:55:56+00:00] [WARN] Task P14-09 test failed (stuck: 0)
[2026-04-15T19:59:26+00:00] [WARN] Task P14-10 test failed (stuck: 0)
[2026-04-15T20:00:01+00:00] [ERROR] Agent exited with code 1 on task 
[2026-04-15T20:02:03+00:00] [INFO] Task P14-11 succeeded
[2026-04-15T20:03:25+00:00] [WARN] Unknown status for task P14-12
[2026-04-15T20:09:12+00:00] [WARN] Unknown status for task P14-13
